IQ-TREE multicore version 1.6.beta4 for Linux 64-bit built Jun 21 2017
Developed by Bui Quang Minh, Nguyen Lam Tung, Olga Chernomor,
Heiko Schmidt, Dominik Schrempf, Michael Woodhams.

Host:    vetpc200 (AVX2, FMA3, 7 GB RAM)
Command: iqtree -s MERS_CoV_274_CDS_renamed.fas -m GTR+G4 -pre MERS_CoV_274_CDS_renamed -fast -nt 2
Seed:    467947 (Using SPRNG - Scalable Parallel Random Number Generator)
Time:    Thu Sep  7 13:01:36 2017
Kernel:  AVX+FMA - 2 threads (4 CPU cores detected)

Reading alignment file MERS_CoV_274_CDS_renamed.fas ... Fasta format detected
Alignment most likely contains DNA/RNA sequences
WARNING: 5 sites contain only gaps or ambiguous characters.
Alignment has 274 sequences with 29364 columns, 2159 distinct patterns
680 parsimony-informative, 805 singleton sites, 27879 constant sites
                                                          Gap/Ambiguity  Composition  p-value
   1  Jeddah-1_KF917527_camel_2013-11-08                          0.02%    passed     99.97%
   2  Jeddah-1_KF958702_human_2013-11-05                          0.02%    passed     99.97%
   3  Riyadh_3_2013_KF600613_human_2013-02-05                     0.02%    passed     99.96%
   4  Riyadh_4_2013_KJ156952_human_2013-03-01                     0.02%    passed     99.83%
   5  Riyadh_5_2013_KJ156944_human_2013-07-02                     0.02%    passed     99.99%
   6  Taif_1_2013_KJ156949_human_2013-06-12                       0.02%    passed     99.93%
   7  Taif_3_2013_KJ156938_human_2013-06-13                      38.83%    passed     50.76%
   8  Wadi-Ad-Dawasir_1_2013_KJ156881_human_2013-06-12            0.02%    passed     99.99%
   9  D1164.1_14_KX108937_camel_2014-06-02                        0.02%    passed    100.00%
  10  UAE_D1164.10_2014_KP719928_camel_2014-06                    0.02%    passed     99.98%
  11  UAE_D1164.11_2014_KP719929_camel_2014-06                    0.02%    passed     99.99%
  12  UAE_D1164.14_2014_KP719930_camel_2014-06                    0.02%    passed     99.99%
  13  UAE_D1164.9_2014_KP719927_camel_2014-06                     0.02%    passed     99.98%
  14  AbuDhabi_Gayathi_UAE_2_2014_KP209310_human_2014-03-07       0.02%    passed     99.89%
  15  AbuDhabi_UAE_16_2014_KP209308_human_2014-04-10              0.02%    passed     99.86%
  16  AbuDhabi_UAE_18_2014_KP209307_human_2014-04-10              0.02%    passed     99.91%
  17  AbuDhabi_UAE_26_2014_KP209313_human_2014-04-13              0.02%    passed     99.89%
  18  AbuDhabi_UAE_30_2014_KP209309_human_2014-04-19              0.02%    passed     99.91%
  19  AbuDhabi_UAE_33_2014_KP209311_human_2014-04-17              0.02%    passed     99.91%
  20  AbuDhabi_UAE_8_2014_KP209306_human_2014-04-07               0.02%    passed     99.91%
  21  AbuDhabi_UAE_9_2013_KP209312_human_2013-11-15               0.02%    passed     99.98%
  22  Al-Hasa_11_2013_KF600629_human_2013-05-03                   9.59%    passed     84.13%
  23  Al-Hasa_12_2013_KF600627_human_2013-05-07                   0.02%    passed     99.84%
  24  Al-Hasa_14_2013_KF600615_human_2013-05-08                  24.50%    passed     28.72%
  25  Al-Hasa_15_2013_KF600645_human_2013-05-11                   0.02%    passed     99.85%
  26  Al-Hasa_16_2013_KF600644_human_2013-05-12                   0.02%    passed     99.87%
  27  Al-Hasa_17_2013_KF600647_human_2013-05-15                   0.02%    passed     99.80%
  28  Al-Hasa_18_2013_KF600651_human_2013-05-23                   0.02%    passed     99.84%
  29  Al-Hasa_19_2013_KF600632_human_2013-05-23                   0.02%    passed     99.87%
  30  Al-Hasa_1_2013_KF186567_human_2013-05-09                    0.02%    passed     99.84%
  31  Al-Hasa_21_2013_KF600634_human_2013-05-30                   0.02%    passed     99.89%
  32  Al-Hasa_25_2013_KJ156866_human_2013-05-02                   0.02%    passed     99.84%
  33  Al-Hasa_26_2013_KJ156882_human_2013-06-18                   0.22%    passed     99.79%
  34  Al-Hasa_27_2013_KJ156943_human_2013-06-19                   5.73%    passed     86.99%
  35  Al-Hasa_2_2013_KF186566_human_2013-04-21                    0.02%    passed     99.90%
  36  Al-Hasa_3_2013_KF186565_human_2013-04-22                    0.02%    passed     99.84%
  37  Al-Hasa_4_2013_KF186564_human_2013-05-01                    0.02%    passed     99.84%
  38  Al-Hasa_7_2013_KF600623_human_2013-05-01                    6.38%    passed     95.10%
  39  Al-Hasa_8_2013_KF600618_human_2013-05-01                   25.62%    passed     99.59%
  40  Buraidah_1_2013_KF600630_human_2013-05-13                   0.02%    passed     99.75%
  41  Camel_Egypt_NRCE-HKU270__camel_2013-12-30                   0.02%    passed     99.86%
  42  Camel_Egypt_NRCE-HKU271__camel_2013-12-30                   0.02%    passed     99.83%
  43  D1157_15_KX108944_camel_2015-05-12                          0.02%    passed     99.87%
  44  D252_15_KX108939_camel_2015-01-30                           0.02%    passed    100.00%
  45  D2597.2_14_KX108938_camel_2014-12-13                        0.02%    passed     99.99%
  46  D374_15_KX108940_camel_2015-02-12                           0.02%    passed     99.99%
  47  D383_15_KX108941_camel_2015-02-14                           0.02%    passed     99.99%
  48  D389_15_KX108942_camel_2015-02-15                           0.02%    passed     99.99%
  49  D998_15_KX108943_camel_2015-04-23                           0.05%    passed     99.94%
  50  Egypt_NRCE-NC163_2014_KU740200_camel_2014-12-17             0.02%    passed     99.94%
  51  EMC_2012_JX869059_human_2012-06-13                          0.02%    passed     98.45%
  52  England_1_2012_KC164505_human_2012-09-11                    0.04%    passed     99.94%
  53  England_2_2013_KM015348_human_2013-02-10                    0.02%    passed     99.96%
  54  England_3_2013_KM210278_human_2013-02-10                    0.02%    passed     99.95%
  55  England_4_2013_KM210277_human_2013-02-13                    0.02%    passed     99.97%
  56  Florida_USA-2_SaudiArabia_2014_KJ829365_human_2014-05-10    0.02%    passed     99.98%
  57  Germany3_UAE-Dubai_Abu-Dhabi__human_2015-03-11              1.10%    passed     99.28%
  58  Hafr-Al-Batin_1_2013_KF600628_human_2013-06-04              0.02%    passed     99.93%
  59  Hafr-Al-Batin_2_2013_KJ156910_human_2013-08-05              0.02%    passed     99.83%
  60  Hafr-Al-Batin_6_2013_KJ156874_human_2013-08-28              0.02%    passed     99.82%
  61  Indiana_USA-1_SaudiArabia_2014_KJ813439_human_2014-04-30    0.02%    passed     99.97%
  62  Jeddah-KFH-285TA__human_2014-06-03                         34.50%    passed     28.44%
  63  Jeddah-KFH-605TD__human_2014-06-09                         36.58%    passed     15.85%
  64  Jeddah-KFH-668TD__human_2014-06-09                         30.00%    passed     31.54%
  65  Jeddah-KFH-899NF__human_2014-06-16                          0.02%    passed     99.98%
  66  Jeddah-KFH-949NSG1__human_2014-06-18                        0.02%    passed     99.98%
  67  Jeddah-KSA-C20860_2015_KT806055_human_2015-02-10            0.02%    passed     99.95%
  68  Jeddah_401_2014_KT368827_camel_2014-09                      0.02%    passed     99.94%
  69  Jeddah_D100_2014_KT368828_camel_2014-12                     0.02%    passed     99.96%
  70  Jeddah_D33b_2014_KT368829_camel_2014-12                     0.02%    passed     99.90%
  71  Jeddah_D34_2014_KT368830_camel_2014-12                      0.02%    passed     99.90%
  72  Jeddah_D35_2014_KT368831_camel_2014-12                      0.02%    passed     99.92%
  73  Jeddah_D36_2014_KT368832_camel_2014-12                      0.02%    passed     99.90%
  74  Jeddah_D88_2014_KT368843_camel_2014-12                      0.02%    passed     99.96%
  75  Jeddah_D90_2014_KT368844_camel_2014-12                      0.02%    passed     99.97%
  76  Jeddah_D92_2014_KT368845_camel_2014-12                      0.02%    passed     99.95%
  77  Jeddah_F13A_2014_KT368824_camel_2014-05                     0.02%    passed    100.00%
  78  Jeddah_Jd175_2015_KT368866_camel_2015-02                    0.02%    passed     99.95%
  79  Jeddah_Jd199_2015_KT368867_camel_2015-02                    0.02%    passed     99.95%
  80  Jeddah_O23b_2014_KT368849_camel_2014-10                     0.02%    passed     99.98%
  81  Jeddah_O24_2014_KT368850_camel_2014-10                      0.02%    passed     99.98%
  82  Jeddah_O30_2014_KT368851_camel_2014-10                      0.02%    passed     99.98%
  83  Jeddah_O47b_2014_KT368852_camel_2014-10                     0.02%    passed     99.97%
  84  Jeddah_S100_2014_KT368853_camel_2014-09                     0.02%    passed     99.97%
  85  Jeddah_S73_2014_KT368854_camel_2014-09                      0.02%    passed     99.99%
  86  Jeddah_S93_2014_KT368855_camel_2014-09                      0.02%    passed     99.99%
  87  Jeddah_S94_2014_KT368856_camel_2014-09                      0.02%    passed     99.94%
  88  Jeddah_S99_2014_KT368857_camel_2014-09                      0.02%    passed     99.94%
  89  Jeddah_C10306_KSA_KM027260_human_2014-04-21                 0.02%    passed     99.98%
  90  Jeddah_C7149_KSA_KM027255_human_2014-04-05                  0.02%    passed     99.99%
  91  Jeddah_C7569_KSA_KM027256_human_2014-04-03                  0.02%    passed     99.98%
  92  Jeddah_C7770_KSA_KM027257_human_2014-04-07                  0.02%    passed     99.98%
  93  Jeddah_C8826_KSA_KM027258_human_2014-04-12                  0.02%    passed     99.96%
  94  Jeddah_C9055_KSA_KM027259_human_2014-04-14                  0.02%    passed     99.99%
  95  KFMC-10_KT121578_human_2014-05-01                           0.02%    passed     99.94%
  96  KFMC-1_KT121580_human_2014-04-28                            0.02%    passed     99.97%
  97  KFMC-2_KT121577_human_2014-05-11                            0.02%    passed     99.96%
  98  KFMC-3_KT121573_human_2014-05-09                            0.02%    passed     99.97%
  99  KFMC-4_KT121575_human_2014-05-12                            0.02%    passed     99.97%
 100  KFMC-5_KT121572_human_2014-05-12                            0.02%    passed     99.97%
 101  KFMC-6_KT121576_human_2014-05-18                            0.02%    passed     99.97%
 102  KFMC-7_KT121581_human_2014-05-03                            0.02%    passed     99.94%
 103  KFMC-8_KT121579_human_2014-04-30                            0.02%    passed     99.97%
 104  KFMC-9_KT121574_human_2014-05-07                            0.02%    passed     99.97%
 105  KFU-HKU13_KJ650295_camel_2013-12-30                         0.02%    passed     99.95%
 106  KFU-HKU19Dam_KJ650296_camel_2013-12-30                      0.02%    passed     99.95%
 107  KFU-HKU1_KJ650297_camel_2013-11-30                          0.02%    passed     99.95%
 108  Khobar-KSA-6736_2015_KT806048_human_2015-02-07              0.02%    passed     99.99%
 109  KSA-363_KJ713298_camel_2013-11                              0.02%    passed     99.98%
 110  KSA-376_KJ713299_camel_2013-11                              0.02%    passed     99.99%
 111  KSA-378_KJ713296_camel_2013-11                              0.02%    passed     99.98%
 112  KSA-503_KJ713297_camel_2013-11                              0.02%    passed    100.00%
 113  KSA-505_KJ713295_camel_2013-11                              0.02%    passed     99.97%
 114  Madinah_3b_2013_KJ156916_human_2013-09-11                   6.35%    passed     92.81%
 115  Makkah_C9355_KSA_Makkah_KM027261_human_2014-04-15           0.02%    passed     99.99%
 116  Munich_AbuDhabi_2013_KF192507_human_2013-03-22              0.02%    passed     99.76%
 117  NRCE-HKU205_KJ477102_camel_2013-11-15                       0.03%    passed     99.84%
 118  Oman_2285_2013_KT156560_human_2013-10-28                    0.02%    passed     99.97%
 119  Oman_2874_2013_KT156561_human_2013-12-28                    0.02%    passed     99.99%
 120  Qatar3_KF961221_human_2013-10-13                            0.04%    passed     99.98%
 121  Qatar4_KF961222_human_2013-10-17                            0.02%    passed     99.98%
 122  Qatar_2_2014_KJ650098_camel_2014-02-16                      0.02%    passed     99.97%
 123  Riyadh-KKUH-104__human_2014-04-25                           0.02%    passed    100.00%
 124  Riyadh-KKUH-105__human_2014-04-25                          30.00%    passed     28.73%
 125  Riyadh-KKUH-291__human_2014-05-06                           0.02%    passed     99.96%
 126  Riyadh-KKUH-368__human_2014-05-13                           6.15%    passed     90.05%
 127  Riyadh-KKUH-643__human_2014-11-02                           0.02%    passed     99.98%
 128  Riyadh-KKUH-665__human_2014-11-19                           0.02%    passed     99.98%
 129  Riyadh-KKUH-90b__human_2014-04-24                           0.02%    passed     99.96%
 130  Riyadh-KSA-2049_2015_KR011266_human_2015-01-06              0.02%    passed     99.99%
 131  Riyadh-KSA-2343_2015_KR011264_human_2015-01-21              0.02%    passed     99.99%
 132  Riyadh-KSA-2345_2015_KR011263_human_2015-01-21              0.02%    passed     99.99%
 133  Riyadh-KSA-2466_2015_KR011265_human_2015-01-26              0.02%    passed    100.00%
 134  Riyadh_Ry179_2015_KT368875_camel_2015-03                    0.02%    passed     99.97%
 135  Riyadh_Ry23N_2014_KT368825_camel_2014-07                    0.02%    passed     99.86%
 136  Riyadh_10_2013_KJ156891_human_2013-09-05                    4.02%    passed     97.49%
 137  Riyadh_11_2013_KJ156946_human_2013-08-06                    4.98%    passed     95.95%
 138  Riyadh_12_2013_KJ156926_human_2013-08-08                    5.54%    passed     89.06%
 139  Riyadh_13_2013_KJ156888_human_2013-08-13                    1.98%    passed     97.88%
 140  Riyadh_14_2013_KJ156934_human_2013-08-15                    0.02%    passed     99.97%
 141  Riyadh_17_2013_KJ156918_human_2013-08-26                    0.34%    passed     99.99%
 142  Riyadh_1_2012_KF600612_human_2012-10-23                     0.07%    passed     99.84%
 143  Riyadh_2014KSA_158_KSA_2014_KM027281_human_2014-05-20       3.01%    passed     98.58%
 144  Riyadh_2014KSA_683_KSA_2014_KM027262_human_2014-04-22       0.02%    passed     99.97%
 145  Riyadh_2_2012_KF600652_human_2012-10-30                     0.02%    passed     99.78%
 146  Riyadh_7_2013_KJ156937_human_2013-07-15                     1.64%    passed     97.53%
 147  Riyadh_8_2013_KJ156880_human_2013-07-17                     1.07%    passed     99.68%
 148  Riyadh_9_2013_KJ156869_human_2013-07-17                     0.02%    passed     99.95%
 149  Taif_KSA-7032_2014_KU710264_human_2014-11-04                0.02%    passed     99.94%
 150  Taif_T157b_2015_KT368890_camel_2015-03                      0.02%    passed     99.99%
 151  Taif_T92_2015_KT368887_camel_2015-04                        0.04%    passed     99.98%
 152  Taif_2_2013_KJ156896_human_2013-06-12                       6.58%    passed     87.23%
 153  UAE-FRA1_1627-2013_BAL_KJ361500_human_2013-04-26            0.94%    passed     99.83%
 154  UAE_D1209_2014_KP719933_camel_2014-06                       0.02%    passed     99.97%
 155  UAE_D1243.12_2014_KP719932_camel_2014-06                    0.02%    passed    100.00%
 156  UAE_D1339.2_2014_KP719931_camel_2014-06                     0.02%    passed    100.00%
 157  UAE_D469-14_KU242424_camel_2014-03-04                       0.02%    passed     99.89%
 158  UAE_D511-14_KU242423_camel_2014-03-12                       0.02%    passed     99.92%
 159  Jordan_10_2015_KU233362_human_2015-09-17                    0.21%    passed     99.97%
 160  ChinaGD01_KT036372_human_2015-05-28                         0.02%    passed     99.96%
 161  D1189.1_15_KX108946_camel_2015-05-18                        0.02%    passed     99.94%
 162  D1271_15_KX108945_camel_2015-05-29                          0.02%    passed     99.99%
 163  Hufuf-KSA-11002_2015_KT806046_human_2015-05-10              0.02%    passed     99.98%
 164  Hufuf-KSA-9158_2015_KT806047_human_2015-03-27               0.05%    passed    100.00%
 165  Jeddah-KSA-3RS2702_2015_KU851859_human_2015-07-12           0.09%    passed     99.97%
 166  Jeddah-KSA-C20843_2015_KT806044_human_2015-02-09            0.02%    passed     99.99%
 167  Jeddah-KSA-C21271_2015_KT806045_human_2015-02-22            0.02%    passed     99.98%
 168  Jeddah_D38b_2014_KT368833_camel_2014-12                     0.02%    passed     99.97%
 169  Jeddah_D40_2014_KT368834_camel_2014-12                      0.03%    passed     99.98%
 170  Jeddah_D42_2014_KT368835_camel_2014-12                      0.02%    passed     99.98%
 171  Jeddah_D43b_2014_KT368836_camel_2014-12                     0.02%    passed     99.97%
 172  Jeddah_D45_2014_KT368837_camel_2014-12                      0.02%    passed     99.98%
 173  Jeddah_D46b_2014_KT368838_camel_2014-12                     0.02%    passed     99.97%
 174  Jeddah_D47_2014_KT368839_camel_2014-12                      0.02%    passed     99.98%
 175  Jeddah_D48_2014_KT368840_camel_2014-12                      0.02%    passed     99.98%
 176  Jeddah_D49_2014_KT368841_camel_2014-12                      0.02%    passed     99.98%
 177  Jeddah_D50b_2014_KT368842_camel_2014-12                     0.02%    passed     99.99%
 178  Jeddah_Jd1b_2015_KT368858_camel_2015-01                     0.02%    passed     99.94%
 179  Jeddah_Jd4_2015_KT368859_camel_2015-01                      0.02%    passed     99.94%
 180  Jeddah_Jd6b_2015_KT368860_camel_2015-01                     0.02%    passed     99.94%
 181  Jeddah_Jd7_2015_KT368861_camel_2015-01                      0.02%    passed     99.92%
 182  Jeddah_Jd85_2015_KT368862_camel_2015-01                     0.02%    passed     99.95%
 183  Jeddah_Jd86_2015_KT368863_camel_2015-01                     0.02%    passed     99.95%
 184  Jeddah_Jd87_2015_KT368864_camel_2015-01                     0.02%    passed     99.95%
 185  Jeddah_Jd90_2015_KT368865_camel_2015-01                     0.02%    passed     99.95%
 186  Jeddah_N51_2014_KT368846_camel_2014-11                      0.02%    passed     99.98%
 187  Jeddah_N62b_2014_KT368847_camel_2014-11                     0.02%    passed     99.98%
 188  Jeddah_N68b_2014_KT368848_camel_2014-11                     0.02%    passed     99.98%
 189  Jordan_1_2015_KU233363_human_2015-09-17                     0.18%    passed     99.96%
 190  Kharj-KSA-2598_2015_KT806053_human_2015-02-02               0.02%    passed     99.97%
 191  Kharj-KSA-2599_2015_KT806052_human_2015-02-02               0.02%    passed     99.99%
 192  KOR_CNUH_SNU_016_06_2015_KT868865_human_2015-06-11          0.02%    passed     99.98%
 193  KOR_CNUH_SNU_023_06_2015_KT868866_human_2015-06-11          0.02%    passed     99.98%
 194  KOR_CNUH_SNU_024_06_2015_KT868867_human_2015-06-08          0.02%    passed     99.98%
 195  KOR_CNUH_SNU_030_06_2015_KT868868_human_2015-06-08          0.02%    passed     99.98%
 196  KOR_CNUH_SNU_031_06_2015_KT868869_human_2015-06-11          0.02%    passed     99.98%
 197  KOR_CNUH_SNU_038_06_2015_KT868870_human_2015-06-10          0.03%    passed     99.96%
 198  KOR_CNUH_SNU_054_06_2015_KT868871_human_2015-06-09          0.02%    passed     99.96%
 199  KOR_CNUH_SNU_082_06_2015_KT868872_human_2015-06-10          0.02%    passed     99.98%
 200  KOR_CNUH_SNU_085_06_2015_KT868873_human_2015-06-10          0.02%    passed     99.98%
 201  KOR_CNUH_SNU_110_06_2015_KT868874_human_2015-06-11          0.02%    passed     99.97%
 202  KOR_CNUH_SNU_122_06_2015_KT868875_human_2015-06-10          0.02%    passed     99.97%
 203  KOR_CNUH_SNU_148_06_2015_KT868876_human_2015-06-10          0.02%    passed     99.98%
 204  KOR_CNUH_SNU_172_06_2015_KT868877_human_2015-06-22          0.02%    passed     99.98%
 205  KOR_KNIH_002_05_2015_KT029139_human_2015-05-20              0.02%    passed     99.98%
 206  KOR_Seoul_014-2015_KX034093_human_2015-05-30                1.41%    passed     99.77%
 207  KOR_Seoul_050-1-2015_KX034094_human_2015-06-11              0.02%    passed     99.97%
 208  KOR_Seoul_066-2015_KX034095_human_2015-06-04                0.02%    passed     99.97%
 209  KOR_Seoul_077-2-2015_KX034096_human_2015-06-17              0.02%    passed     99.97%
 210  KOR_Seoul_080-3-2015_KX034097_human_2015-06-17              0.02%    passed     99.95%
 211  KOR_Seoul_162-1-2015_KX034098_human_2015-06-22              0.02%    passed     99.97%
 212  KOR_Seoul_169-2015_KX034099_human_2015-06-26                0.02%    passed     99.95%
 213  KOR_Seoul_177-3-2015_KX034100_human_2015-07-03              0.02%    passed     99.97%
 214  KOREA_Seoul_014-1-2015_KT374052_human_2015-05-31            0.02%    passed     99.97%
 215  KOREA_Seoul_035-1-2015_KT374054_human_2015-06-03            0.02%    passed     99.98%
 216  KOREA_Seoul_163-1-2015_KT374051_human_2015-06-19            0.02%    passed     99.96%
 217  KOREA_Seoul_168-1-2015_KT374056_human_2015-06-21            0.02%    passed     99.92%
 218  Korea_Seoul_SNU1-035_2015_KU308549_human_2015-06-08         0.02%    passed     99.98%
 219  Najran-KSA-C20915_2015_KT806054_human_2015-02-13            0.02%    passed    100.00%
 220  Riyadh-KSA-16077_2015_KU851863_human_2015-08-27             0.02%    passed     99.93%
 221  Riyadh-KSA-16098_2015_KU851864_human_2015-08-24             0.02%    passed     99.94%
 222  Riyadh-KSA-16117_2015_KU851862_human_2015-08-24             0.02%    passed     99.97%
 223  Riyadh-KSA-16120_2015_KU851861_human_2015-08-24             0.02%    passed     99.98%
 224  Riyadh-KSA-16121_2015_KU851860_human_2015-08-24             0.02%    passed     99.97%
 225  Riyadh-KSA-2716_2015_KT806051_human_2015-02-05              0.02%    passed     99.91%
 226  Riyadh-KSA-3065_2015_KT806050_human_2015-02-12              8.61%    passed     40.11%
 227  Riyadh-KSA-3181_2015_KT806049_human_2015-02-15              0.02%    passed     99.99%
 228  Riyadh_Ry136_2015_KT368868_camel_2015-03                    0.02%    passed     99.99%
 229  Riyadh_Ry137_2015_KT368869_camel_2015-03                    0.02%    passed     99.97%
 230  Riyadh_Ry159b_2015_KT368870_camel_2015-03                   0.02%    passed     99.99%
 231  Riyadh_Ry162_2015_KT368871_camel_2015-03                    0.02%    passed     99.99%
 232  Riyadh_Ry173_2015_KT368872_camel_2015-03                    0.02%    passed     99.99%
 233  Riyadh_Ry177_2015_KT368873_camel_2015-03                    0.02%    passed    100.00%
 234  Riyadh_Ry178_2015_KT368874_camel_2015-03                    0.02%    passed    100.00%
 235  Riyadh_Ry63_2015_KT368876_camel_2015-03                     0.02%    passed     99.99%
 236  Riyadh_Ry64_2015_KT368877_camel_2015-03                     0.02%    passed     99.99%
 237  Riyadh_Ry79_2015_KT368878_camel_2015-03                     0.02%    passed     99.93%
 238  Riyadh_Ry84N_2014_KT368826_camel_2014-07                    0.02%    passed    100.00%
 239  Riyadh_Ry86_2015_KT368879_camel_2015-03                     0.02%    passed     99.98%
 240  Riyadh_KKUH_0734__human_2015-02-18                          0.02%    passed     99.97%
 241  Riyadh_KKUH_0755__human_2015-02-23                         17.68%    passed     81.54%
 242  Riyadh_KKUH_0756__human_2015-02-23                          5.76%    passed     82.76%
 243  Riyadh_KKUH_0780__human_2015-02-25                          0.02%    passed     99.91%
 244  Riyadh_KKUH_0801__human_2015-02-27                         19.50%    passed     75.33%
 245  Riyadh_KKUH_0818__human_2015-02-28                         44.13%    passed     29.33%
 246  Riyadh_KKUH_0826__human_2015-02-28                          6.15%    passed     80.68%
 247  Riyadh_KKUH_0939__human_2015-03-02                         32.17%    passed     76.03%
 248  Riyadh_KKUH_0944__human_2015-03-02                          1.37%    passed     96.95%
 249  Riyadh_KKUH_1066__human_2015-03-03                          0.02%    passed     99.91%
 250  Riyadh_KKUH_1080__human_2015-03-03                          4.09%    passed     99.87%
 251  Riyadh_KKUH_1145__human_2015-03-04                          0.02%    passed     99.88%
 252  Riyadh_KKUH_1217__human_2015-03-04                         24.69%    passed     81.43%
 253  Riyadh_KKUH_1461__human_2015-03-08                         23.01%    passed     45.34%
 254  Riyadh_KKUH_1470__human_2015-03-08                          0.02%    passed     99.95%
 255  Riyadh_KKUH_1522__human_2015-03-09                         38.96%    passed     72.92%
 256  Riyadh_KSA_2959_2015_KT026453_human_2015-02-10              0.02%    passed     99.98%
 257  Riyadh_KSA_4050_2015_KT026454_human_2015-03-01              0.02%    passed     99.99%
 258  Taif_T150_2015_KT368889_camel_2015-03                       0.02%    passed     99.94%
 259  Taif_T16_2015_KT368882_camel_2015-04                        0.02%    passed     99.99%
 260  Taif_T22_2015_KT368883_camel_2015-04                        0.02%    passed     99.99%
 261  Taif_T3_2015_KT368880_camel_2015-04                         0.02%    passed     99.99%
 262  Taif_T68_2015_KT368884_camel_2015-04                        0.02%    passed    100.00%
 263  Taif_T7_2015_KT368881_camel_2015-04                         0.02%    passed     99.99%
 264  Taif_T89_2015_KT368885_camel_2015-04                        0.02%    passed    100.00%
 265  Taif_T91b_2015_KT368886_camel_2015-04                       0.02%    passed    100.00%
 266  Taif_T98_2015_KT368888_camel_2015-04                        0.02%    passed    100.00%
 267  THA_CU_17_06_2015_KT225476_human_2015-06-17                 0.02%    passed    100.00%
 268  Jordan-N3_2012_KC776174_human_2012-04-15                    0.02%    passed     99.46%
 269  Al-Hasa_23_2013_KJ156860_human_2013-05-13                  27.01%    passed     78.87%
 270  Al-Hasa_28_2013_KJ156887_human_2013-06-22                  28.35%    passed     37.92%
 271  Asir_2_2013_KJ156863_human_2013-08-05                      35.65%    passed     63.29%
 272  Hafr-Al-Batin_4_2013_KJ156931_human_2013-08-25             48.67%    failed      2.22%
 273  Hafr-Al-Batin_5_2013_KJ156951_human_2013-08-25             37.21%    passed     64.20%
 274  Riyadh_6_2013_KJ156879_human_2013-07-02                    26.50%    passed     89.72%
****  TOTAL                                                       2.63%  1 sequences failed composition chi2 test (p-value<5%; df=3)
NOTE: Jeddah-1_KF958702_human_2013-11-05 is identical to Jeddah-1_KF917527_camel_2013-11-08 but kept for subsequent analysis
NOTE: AbuDhabi_UAE_33_2014_KP209311_human_2014-04-17 is identical to AbuDhabi_UAE_30_2014_KP209309_human_2014-04-19 but kept for subsequent analysis
NOTE: Al-Hasa_18_2013_KF600651_human_2013-05-23 is identical to Al-Hasa_12_2013_KF600627_human_2013-05-07 but kept for subsequent analysis
NOTE: Jeddah_S94_2014_KT368856_camel_2014-09 is identical to Jeddah_401_2014_KT368827_camel_2014-09 but kept for subsequent analysis
NOTE: Jeddah_D88_2014_KT368843_camel_2014-12 is identical to Jeddah_D100_2014_KT368828_camel_2014-12 but kept for subsequent analysis
NOTE: Jeddah_D34_2014_KT368830_camel_2014-12 is identical to Jeddah_D33b_2014_KT368829_camel_2014-12 but kept for subsequent analysis
NOTE: Jeddah_Jd199_2015_KT368867_camel_2015-02 is identical to Jeddah_Jd175_2015_KT368866_camel_2015-02 but kept for subsequent analysis
NOTE: Jeddah_O24_2014_KT368850_camel_2014-10 is identical to Jeddah_O23b_2014_KT368849_camel_2014-10 but kept for subsequent analysis
NOTE: Makkah_C9355_KSA_Makkah_KM027261_human_2014-04-15 is identical to Jeddah_C7149_KSA_KM027255_human_2014-04-05 but kept for subsequent analysis
NOTE: KFMC-3_KT121573_human_2014-05-09 is identical to KFMC-1_KT121580_human_2014-04-28 but kept for subsequent analysis
NOTE: KFU-HKU19Dam_KJ650296_camel_2013-12-30 is identical to KFU-HKU13_KJ650295_camel_2013-12-30 but kept for subsequent analysis
NOTE: Riyadh-KKUH-90b__human_2014-04-24 is identical to Riyadh-KKUH-291__human_2014-05-06 but kept for subsequent analysis
NOTE: Riyadh-KSA-2343_2015_KR011264_human_2015-01-21 is identical to Riyadh-KSA-2049_2015_KR011266_human_2015-01-06 but kept for subsequent analysis
NOTE: Jeddah_D45_2014_KT368837_camel_2014-12 is identical to Jeddah_D42_2014_KT368835_camel_2014-12 but kept for subsequent analysis
NOTE: Jeddah_D46b_2014_KT368838_camel_2014-12 is identical to Jeddah_D43b_2014_KT368836_camel_2014-12 but kept for subsequent analysis
NOTE: Jeddah_Jd4_2015_KT368859_camel_2015-01 is identical to Jeddah_Jd1b_2015_KT368858_camel_2015-01 but kept for subsequent analysis
NOTE: Jeddah_Jd86_2015_KT368863_camel_2015-01 is identical to Jeddah_Jd85_2015_KT368862_camel_2015-01 but kept for subsequent analysis
NOTE: KOR_CNUH_SNU_023_06_2015_KT868866_human_2015-06-11 is identical to KOR_CNUH_SNU_016_06_2015_KT868865_human_2015-06-11 but kept for subsequent analysis
NOTE: KOR_CNUH_SNU_148_06_2015_KT868876_human_2015-06-10 is identical to KOR_CNUH_SNU_082_06_2015_KT868872_human_2015-06-10 but kept for subsequent analysis
NOTE: KOR_Seoul_077-2-2015_KX034096_human_2015-06-17 is identical to KOR_CNUH_SNU_110_06_2015_KT868874_human_2015-06-11 but kept for subsequent analysis
NOTE: KOR_Seoul_050-1-2015_KX034094_human_2015-06-11 is identical to KOR_CNUH_SNU_122_06_2015_KT868875_human_2015-06-10 but kept for subsequent analysis
NOTE: Korea_Seoul_SNU1-035_2015_KU308549_human_2015-06-08 is identical to KOREA_Seoul_035-1-2015_KT374054_human_2015-06-03 but kept for subsequent analysis
NOTE: Riyadh_Ry64_2015_KT368877_camel_2015-03 is identical to Riyadh_Ry63_2015_KT368876_camel_2015-03 but kept for subsequent analysis
NOTE: Riyadh_KKUH_1066__human_2015-03-03 is identical to Riyadh_KKUH_0780__human_2015-02-25 but kept for subsequent analysis
NOTE: Taif_T22_2015_KT368883_camel_2015-04 is identical to Taif_T16_2015_KT368882_camel_2015-04 but kept for subsequent analysis
NOTE: Taif_T7_2015_KT368881_camel_2015-04 is identical to Taif_T3_2015_KT368880_camel_2015-04 but kept for subsequent analysis
NOTE: Taif_T89_2015_KT368885_camel_2015-04 is identical to Taif_T68_2015_KT368884_camel_2015-04 but kept for subsequent analysis
NOTE: 23 identical sequences (see below) will be ignored for subsequent analysis
NOTE: Al-Hasa_1_2013_KF186567_human_2013-05-09 (identical to Al-Hasa_12_2013_KF600627_human_2013-05-07) is ignored but added at the end
NOTE: Al-Hasa_3_2013_KF186565_human_2013-04-22 (identical to Al-Hasa_12_2013_KF600627_human_2013-05-07) is ignored but added at the end
NOTE: Al-Hasa_4_2013_KF186564_human_2013-05-01 (identical to Al-Hasa_12_2013_KF600627_human_2013-05-07) is ignored but added at the end
NOTE: Jeddah_D36_2014_KT368832_camel_2014-12 (identical to Jeddah_D33b_2014_KT368829_camel_2014-12) is ignored but added at the end
NOTE: KFMC-4_KT121575_human_2014-05-12 (identical to KFMC-1_KT121580_human_2014-04-28) is ignored but added at the end
NOTE: KFMC-5_KT121572_human_2014-05-12 (identical to KFMC-1_KT121580_human_2014-04-28) is ignored but added at the end
NOTE: KFU-HKU1_KJ650297_camel_2013-11-30 (identical to KFU-HKU13_KJ650295_camel_2013-12-30) is ignored but added at the end
NOTE: Riyadh-KSA-2345_2015_KR011263_human_2015-01-21 (identical to Riyadh-KSA-2049_2015_KR011266_human_2015-01-06) is ignored but added at the end
NOTE: Jeddah_D47_2014_KT368839_camel_2014-12 (identical to Jeddah_D42_2014_KT368835_camel_2014-12) is ignored but added at the end
NOTE: Jeddah_D48_2014_KT368840_camel_2014-12 (identical to Jeddah_D42_2014_KT368835_camel_2014-12) is ignored but added at the end
NOTE: Jeddah_D49_2014_KT368841_camel_2014-12 (identical to Jeddah_D42_2014_KT368835_camel_2014-12) is ignored but added at the end
NOTE: Jeddah_N51_2014_KT368846_camel_2014-11 (identical to Jeddah_D42_2014_KT368835_camel_2014-12) is ignored but added at the end
NOTE: Jeddah_N68b_2014_KT368848_camel_2014-11 (identical to Jeddah_D42_2014_KT368835_camel_2014-12) is ignored but added at the end
NOTE: Jeddah_Jd6b_2015_KT368860_camel_2015-01 (identical to Jeddah_Jd1b_2015_KT368858_camel_2015-01) is ignored but added at the end
NOTE: Jeddah_Jd87_2015_KT368864_camel_2015-01 (identical to Jeddah_Jd85_2015_KT368862_camel_2015-01) is ignored but added at the end
NOTE: Jeddah_Jd90_2015_KT368865_camel_2015-01 (identical to Jeddah_Jd85_2015_KT368862_camel_2015-01) is ignored but added at the end
NOTE: KOR_CNUH_SNU_030_06_2015_KT868868_human_2015-06-08 (identical to KOR_CNUH_SNU_016_06_2015_KT868865_human_2015-06-11) is ignored but added at the end
NOTE: KOR_CNUH_SNU_085_06_2015_KT868873_human_2015-06-10 (identical to KOR_CNUH_SNU_016_06_2015_KT868865_human_2015-06-11) is ignored but added at the end
NOTE: KOR_Seoul_162-1-2015_KX034098_human_2015-06-22 (identical to KOR_CNUH_SNU_110_06_2015_KT868874_human_2015-06-11) is ignored but added at the end
NOTE: KOR_Seoul_177-3-2015_KX034100_human_2015-07-03 (identical to KOR_CNUH_SNU_110_06_2015_KT868874_human_2015-06-11) is ignored but added at the end
NOTE: KOREA_Seoul_014-1-2015_KT374052_human_2015-05-31 (identical to KOR_CNUH_SNU_110_06_2015_KT868874_human_2015-06-11) is ignored but added at the end
NOTE: KOR_Seoul_066-2015_KX034095_human_2015-06-04 (identical to KOR_CNUH_SNU_122_06_2015_KT868875_human_2015-06-10) is ignored but added at the end
NOTE: Taif_T91b_2015_KT368886_camel_2015-04 (identical to Taif_T68_2015_KT368884_camel_2015-04) is ignored but added at the end

For your convenience alignment with unique sequences printed to MERS_CoV_274_CDS_renamed.uniqueseq.phy

Create initial parsimony tree by phylogenetic likelihood library (PLL)... 0.054 seconds

NOTE: 70 MB RAM (0 GB) is required!
Estimate model parameters (epsilon = 0.500)
1. Initial log-likelihood: -59691.208
2. Current log-likelihood: -58146.565
3. Current log-likelihood: -58145.352
Optimal log-likelihood: -58145.343
Rate parameters:  A-C: 0.493  A-G: 1.638  A-T: 0.235  C-G: 0.315  C-T: 4.903  G-T: 1.000
Base frequencies:   A: 0.262  C: 0.202  G: 0.209  T: 0.326
Gamma shape alpha: 0.020
Parameters optimization took 3 rounds (5.652 sec)
Computing ML distances based on estimated model parameters... 1.992 sec
Computing BIONJ tree...
0.050 seconds
Log-likelihood of BIONJ tree: -58467.152
--------------------------------------------------------------------
|             INITIALIZING CANDIDATE TREE SET                      |
--------------------------------------------------------------------

Do NNI search on 2 best initial trees
Estimate model parameters (epsilon = 0.500)
BETTER TREE FOUND at iteration 1: -58139.784
Finish initializing candidate tree set (4)
Current best tree score: -58139.784 / CPU time: 3.413
Number of iterations: 2
TREE SEARCH COMPLETED AFTER 2 ITERATIONS / Time: 0h:0m:11s

--------------------------------------------------------------------
|                    FINALIZING TREE SEARCH                        |
--------------------------------------------------------------------
Performs final model parameters optimization
Estimate model parameters (epsilon = 0.050)
1. Initial log-likelihood: -58139.784
Optimal log-likelihood: -58139.782
Rate parameters:  A-C: 0.493  A-G: 1.639  A-T: 0.235  C-G: 0.315  C-T: 4.903  G-T: 1.000
Base frequencies:   A: 0.262  C: 0.202  G: 0.209  T: 0.326
Gamma shape alpha: 0.020
Parameters optimization took 1 rounds (0.756 sec)
BEST SCORE FOUND : -58139.782
Total tree length: 0.073

Total number of iterations: 2
CPU time used for tree search: 6.808 sec (0h:0m:6s)
Wall-clock time used for tree search: 3.415 sec (0h:0m:3s)
Total CPU time used: 23.124 sec (0h:0m:23s)
Total wall-clock time used: 11.795 sec (0h:0m:11s)

Analysis results written to: 
  IQ-TREE report:                MERS_CoV_274_CDS_renamed.iqtree
  Maximum-likelihood tree:       MERS_CoV_274_CDS_renamed.treefile
  Likelihood distances:          MERS_CoV_274_CDS_renamed.mldist
  Screen log file:               MERS_CoV_274_CDS_renamed.log

Date and Time: Thu Sep  7 13:01:48 2017
